This file contains any messages produced by compilers while
running configure, to aid debugging if configure makes a mistake.

It was created by nagiosbp configure 0.9.6, which was
generated by GNU Autoconf 2.59.  Invocation command line was

  $ ./configure --with-nagiosbp-user=naemon --with-nagiosbp-group=naemon --with-nagetc=/etc/naemon --with-naghtmurl=/naeomn --with-nagcgiurl=/naeomn/cgi-bin --with-apache-authname=Naemon Monitoring

## --------- ##
## Platform. ##
## --------- ##

hostname = naemonbox-server-8
uname -m = x86_64
uname -r = 3.16.0-4-amd64
uname -s = Linux
uname -v = #1 SMP Debian 3.16.7-ckt11-1+deb8u3 (2015-08-04)

/usr/bin/uname -p = unknown
/bin/uname -X     = unknown

/bin/arch              = unknown
/usr/bin/arch -k       = unknown
/usr/convex/getsysinfo = unknown
hostinfo               = unknown
/bin/machine           = unknown
/usr/bin/oslevel       = unknown
/bin/universe          = unknown

PATH: /usr/local/sbin
PATH: /usr/local/bin
PATH: /usr/sbin
PATH: /usr/bin
PATH: /sbin
PATH: /bin


## ----------- ##
## Core tests. ##
## ----------- ##

configure:1274: checking whether make sets $(MAKE)
configure:1294: result: yes
configure:1305: checking for strip
configure:1323: found /usr/bin/strip
configure:1336: result: /usr/bin/strip
configure:1346: checking for cp
configure:1364: found /bin/cp
configure:1376: result: /bin/cp
configure:1385: checking for touch
configure:1403: found /usr/bin/touch
configure:1415: result: /usr/bin/touch
configure:1461: checking for a BSD-compatible install
configure:1516: result: /usr/bin/install -c
configure:1531: checking for perl
configure:1549: found /usr/bin/perl
configure:1561: result: /usr/bin/perl
configure:1894: creating ./config.status

## ---------------------- ##
## Running config.status. ##
## ---------------------- ##

This file was extended by nagiosbp config.status 0.9.6, which was
generated by GNU Autoconf 2.59.  Invocation command line was

  CONFIG_FILES    = 
  CONFIG_HEADERS  = 
  CONFIG_LINKS    = 
  CONFIG_COMMANDS = 
  $ ./config.status 

on naemonbox-server-8

config.status:669: creating subst
config.status:669: creating Makefile
config.status:669: creating bin/Makefile
config.status:669: creating sbin/Makefile
config.status:669: creating etc/Makefile
config.status:669: creating etc/apache-conf.d/Makefile
config.status:669: creating etc/cron.d/Makefile
config.status:669: creating lib/Makefile
config.status:669: creating libexec/Makefile
config.status:669: creating var/nagios_bp.sessions/Makefile
config.status:669: creating var/cache/Makefile
config.status:669: creating share/Makefile
config.status:669: creating share/stylesheets/Makefile
config.status:669: creating share/lang/Makefile
configure:2732: result: *** Configuration summary for nagiosbp 0.9.6 29-09-2010 ***:
configure:2739: result:        Install user/group:  naemon,naemon
configure:2741: result:         Install ${prefix}:  /usr/local/nagiosbp
configure:2743: result:    Install ${exec_prefix}:  ${prefix}
configure:2745: result:                   LIB Dir:  ${exec_prefix}/lib
configure:2747: result:                Config Dir:  ${prefix}/etc
configure:2750: result:                  Data Dir:  ${prefix}/share
configure:2754: result:                   HTM URL:  /nagiosbp
configure:2756: result:                   CGI URL:  /nagiosbp/cgi-bin
configure:2758: result:         Nagios Config Dir:  /etc/naemon
configure:2760: result:            Nagios HTM URL:  /naeomn
configure:2762: result:            Nagios CGI URL:  /naeomn/cgi-bin
configure:2764: result:         Apache conf.d Dir:  /etc/httpd/conf.d
configure:2766: result:               Apache User:  www-data
configure:2768: result:           Apache AuthName:  Naemon Monitoring
configure:2770: result:                cron.d Dir:  /etc/cron.d

## ---------------- ##
## Cache variables. ##
## ---------------- ##

ac_cv_env_build_alias_set=
ac_cv_env_build_alias_value=
ac_cv_env_host_alias_set=
ac_cv_env_host_alias_value=
ac_cv_env_target_alias_set=
ac_cv_env_target_alias_value=
ac_cv_path_CP=/bin/cp
ac_cv_path_PERL=/usr/bin/perl
ac_cv_path_STRIP=/usr/bin/strip
ac_cv_path_TOUCH=/usr/bin/touch
ac_cv_path_install='/usr/bin/install -c'
ac_cv_prog_make_make_set=yes

## ----------------- ##
## Output variables. ##
## ----------------- ##

CFG_DIR=''
CP='/bin/cp'
CRON_D_DIR='/etc/cron.d'
DEFS='-DPACKAGE_NAME=\"nagiosbp\" -DPACKAGE_TARNAME=\"nagiosbp\" -DPACKAGE_VERSION=\"0.9.6\" -DPACKAGE_STRING=\"nagiosbp\ 0.9.6\" -DPACKAGE_BUGREPORT=\"NagiosBP-Users@lists.nagiosforge.org\" -DDEFAULT_USER=root -DDEFAULT_GROUP=root -DDEFAULT_USER=\"naemon\" -DDEFAULT_GROUP=\"naemon\" '
ECHO_C=''
ECHO_N='-n'
ECHO_T=''
HTTPD_CONF='/etc/httpd/conf.d'
INSTALL='/usr/bin/install -c'
INSTALL_DATA='${INSTALL} -m 644'
INSTALL_OPTS='-o naemon -g naemon'
INSTALL_PROGRAM='${INSTALL}'
INSTALL_SCRIPT='${INSTALL}'
LIBOBJS=''
LIBS=''
LIB_DIR=''
LTLIBOBJS=''
PACKAGE_BUGREPORT='NagiosBP-Users@lists.nagiosforge.org'
PACKAGE_NAME='nagiosbp'
PACKAGE_STRING='nagiosbp 0.9.6'
PACKAGE_TARNAME='nagiosbp'
PACKAGE_VERSION='0.9.6'
PATH_SEPARATOR=':'
PERL='/usr/bin/perl'
PKG_HOME_URL='http://nagiosbp.projects.nagiosforge.org'
PKG_NAME='nagiosbp'
PKG_REL_DATE='29-09-2010'
PKG_VERSION='0.9.6'
SET_MAKE=''
SHELL='/bin/bash'
STRIP='/usr/bin/strip'
TOUCH='/usr/bin/touch'
apache_authname='Naemon Monitoring'
apache_user='www-data'
bindir='${exec_prefix}/bin'
build_alias=''
cgiurl='/nagiosbp/cgi-bin'
datadir='${prefix}/share'
exec_prefix='${prefix}'
host_alias=''
htmurl='/nagiosbp'
includedir='${prefix}/include'
infodir='${prefix}/info'
libdir='${exec_prefix}/lib'
libexecdir='${exec_prefix}/libexec'
localstatedir='${prefix}/var'
mandir='${prefix}/man'
nagcgiurl='/naeomn/cgi-bin'
nagetc='/etc/naemon'
naghtmurl='/naeomn'
nagiosbp_grp='naemon'
nagiosbp_user='naemon'
oldincludedir='/usr/include'
prefix='/usr/local/nagiosbp'
program_transform_name='s,x,x,'
sbindir='${exec_prefix}/sbin'
sharedstatedir='${prefix}/com'
sysconfdir='${prefix}/etc'
target_alias=''

## ----------- ##
## confdefs.h. ##
## ----------- ##

#define DEFAULT_GROUP "naemon"
#define DEFAULT_GROUP root
#define DEFAULT_USER "naemon"
#define DEFAULT_USER root
#define PACKAGE_BUGREPORT "NagiosBP-Users@lists.nagiosforge.org"
#define PACKAGE_NAME "nagiosbp"
#define PACKAGE_STRING "nagiosbp 0.9.6"
#define PACKAGE_TARNAME "nagiosbp"
#define PACKAGE_VERSION "0.9.6"

configure: exit 0
